<?xml version="1.0" encoding="UTF-8"?>
<!-- Generated by org.testng.reporters.JUnitReportReporter -->
<testsuite hostname="GDRC5228" name="ParllelTest.MiningTechCompany" tests="1" failures="0" timestamp="29 Jan 2018 07:24:25 GMT" time="201.779" errors="0">
  <testcase name="testNew" time="201.779" classname="ParllelTest.MiningTechCompany"/>
</testsuite> <!-- ParllelTest.MiningTechCompany -->
