<?xml version="1.0" encoding="UTF-8"?>
<!-- Generated by org.testng.reporters.JUnitReportReporter -->
<testsuite hostname="GDRC5228" name="ParllelTest.NewTest2" tests="1" failures="0" timestamp="5 Jan 2018 07:06:57 GMT" time="124.217" errors="0">
  <testcase name="testNew" time="124.217" classname="ParllelTest.NewTest2"/>
</testsuite> <!-- ParllelTest.NewTest2 -->
